0 info it worked if it ends with ok
1 verbose cli [ '/usr/local/Cellar/node/7.4.0/bin/node',
1 verbose cli   '/usr/local/bin/npm',
1 verbose cli   'run',
1 verbose cli   'dev',
1 verbose cli   '-p',
1 verbose cli   '5000' ]
2 info using npm@4.0.5
3 info using node@v7.4.0
4 verbose run-script [ 'predev', 'dev', 'postdev' ]
5 info lifecycle elm-player@0.0.1~predev: elm-player@0.0.1
6 silly lifecycle elm-player@0.0.1~predev: no script for predev, continuing
7 info lifecycle elm-player@0.0.1~dev: elm-player@0.0.1
8 verbose lifecycle elm-player@0.0.1~dev: unsafe-perm in lifecycle true
9 verbose lifecycle elm-player@0.0.1~dev: PATH: /usr/local/lib/node_modules/npm/bin/node-gyp-bin:/Users/caselas/Code/elm-player/node_modules/.bin:/Users/caselas/bin:/Users/caselas/.rvm/gems/ruby-2.3.3/bin:/Users/caselas/.rvm/gems/ruby-2.3.3@global/bin:/Users/caselas/.rvm/rubies/ruby-2.3.3/bin:/usr/local/bin:/usr/bin:/bin:/usr/sbin:/sbin:/usr/local/share/dotnet:/Library/Frameworks/Mono.framework/Versions/Current/Commands:/Users/caselas/.rvm/bin:/usr/local/opt/go/libexec/bin:/Users/caselas/Code/go-code/bin:/Library/Frameworks/Mono.framework/Versions/Current/bin/:/usr/local/bin/elm-format:/usr/local/bin/elm-format:/usr/local/bin/ngrok:/Users/caselas/.rvm/bin
10 verbose lifecycle elm-player@0.0.1~dev: CWD: /Users/caselas/Code/elm-player
11 silly lifecycle elm-player@0.0.1~dev: Args: [ '-c', 'webpack-dev-server --port 3000 "5000"' ]
12 silly lifecycle elm-player@0.0.1~dev: Returned: code: 1  signal: null
13 info lifecycle elm-player@0.0.1~dev: Failed to exec dev script
14 verbose stack Error: elm-player@0.0.1 dev: `webpack-dev-server --port 3000 "5000"`
14 verbose stack Exit status 1
14 verbose stack     at EventEmitter.<anonymous> (/usr/local/lib/node_modules/npm/lib/utils/lifecycle.js:279:16)
14 verbose stack     at emitTwo (events.js:106:13)
14 verbose stack     at EventEmitter.emit (events.js:191:7)
14 verbose stack     at ChildProcess.<anonymous> (/usr/local/lib/node_modules/npm/lib/utils/spawn.js:40:14)
14 verbose stack     at emitTwo (events.js:106:13)
14 verbose stack     at ChildProcess.emit (events.js:191:7)
14 verbose stack     at maybeClose (internal/child_process.js:885:16)
14 verbose stack     at Process.ChildProcess._handle.onexit (internal/child_process.js:226:5)
15 verbose pkgid elm-player@0.0.1
16 verbose cwd /Users/caselas/Code/elm-player
17 error Darwin 16.4.0
18 error argv "/usr/local/Cellar/node/7.4.0/bin/node" "/usr/local/bin/npm" "run" "dev" "-p" "5000"
19 error node v7.4.0
20 error npm  v4.0.5
21 error code ELIFECYCLE
22 error elm-player@0.0.1 dev: `webpack-dev-server --port 3000 "5000"`
22 error Exit status 1
23 error Failed at the elm-player@0.0.1 dev script 'webpack-dev-server --port 3000 "5000"'.
23 error Make sure you have the latest version of node.js and npm installed.
23 error If you do, this is most likely a problem with the elm-player package,
23 error not with npm itself.
23 error Tell the author that this fails on your system:
23 error     webpack-dev-server --port 3000 "5000"
23 error You can get information on how to open an issue for this project with:
23 error     npm bugs elm-player
23 error Or if that isn't available, you can get their info via:
23 error     npm owner ls elm-player
23 error There is likely additional logging output above.
24 verbose exit [ 1, true ]
